Exception on / [GET]
Traceback (most recent call last):
  File "C:\ASPJ\venv\lib\site-packages\flask\app.py", line 2447, in wsgi_app
    response = self.full_dispatch_request()
  File "C:\ASPJ\venv\lib\site-packages\flask\app.py", line 1952, in full_dispatch_request
    rv = self.handle_user_exception(e)
  File "C:\ASPJ\venv\lib\site-packages\flask\app.py", line 1821, in handle_user_exception
    reraise(exc_type, exc_value, tb)
  File "C:\ASPJ\venv\lib\site-packages\flask\_compat.py", line 39, in reraise
    raise value
  File "C:\ASPJ\venv\lib\site-packages\flask\app.py", line 1950, in full_dispatch_request
    rv = self.dispatch_request()
  File "C:\ASPJ\venv\lib\site-packages\flask\app.py", line 1936, in dispatch_request
    return self.view_functions[rule.endpoint](**req.view_args)
  File "C:\ASPJ\__init__.py", line 60, in home
    return 1/0
ZeroDivisionError: division by zero
Exception on / [GET]
Traceback (most recent call last):
  File "C:\ASPJ\venv\lib\site-packages\flask\app.py", line 2447, in wsgi_app
    response = self.full_dispatch_request()
  File "C:\ASPJ\venv\lib\site-packages\flask\app.py", line 1952, in full_dispatch_request
    rv = self.handle_user_exception(e)
  File "C:\ASPJ\venv\lib\site-packages\flask\app.py", line 1821, in handle_user_exception
    reraise(exc_type, exc_value, tb)
  File "C:\ASPJ\venv\lib\site-packages\flask\_compat.py", line 39, in reraise
    raise value
  File "C:\ASPJ\venv\lib\site-packages\flask\app.py", line 1950, in full_dispatch_request
    rv = self.dispatch_request()
  File "C:\ASPJ\venv\lib\site-packages\flask\app.py", line 1936, in dispatch_request
    return self.view_functions[rule.endpoint](**req.view_args)
  File "C:\ASPJ\__init__.py", line 60, in home
    return 1/0
ZeroDivisionError: division by zero
Exception on / [GET]
Traceback (most recent call last):
  File "C:\ASPJ\venv\lib\site-packages\flask\app.py", line 2447, in wsgi_app
    response = self.full_dispatch_request()
  File "C:\ASPJ\venv\lib\site-packages\flask\app.py", line 1952, in full_dispatch_request
    rv = self.handle_user_exception(e)
  File "C:\ASPJ\venv\lib\site-packages\flask\app.py", line 1821, in handle_user_exception
    reraise(exc_type, exc_value, tb)
  File "C:\ASPJ\venv\lib\site-packages\flask\_compat.py", line 39, in reraise
    raise value
  File "C:\ASPJ\venv\lib\site-packages\flask\app.py", line 1950, in full_dispatch_request
    rv = self.dispatch_request()
  File "C:\ASPJ\venv\lib\site-packages\flask\app.py", line 1936, in dispatch_request
    return self.view_functions[rule.endpoint](**req.view_args)
  File "C:\ASPJ\__init__.py", line 60, in home
    return render_template('home.html')
ZeroDivisionError: division by zero
